[debug] [2021-05-13T14:35:54.829Z] ----------------------------------------------------------------------
[debug] [2021-05-13T14:35:54.833Z] Command:       C:\Program Files\nodejs\node.exe C:\Users\Sourav\AppData\Roaming\npm\node_modules\firebase-tools\lib\bin\firebase.js init --debug
[debug] [2021-05-13T14:35:54.834Z] CLI Version:   9.10.2
[debug] [2021-05-13T14:35:54.834Z] Platform:      win32
[debug] [2021-05-13T14:35:54.834Z] Node Version:  v14.15.1
[debug] [2021-05-13T14:35:54.836Z] Time:          Thu May 13 2021 20:05:54 GMT+0530 (India Standard Time)
[debug] [2021-05-13T14:35:54.836Z] ----------------------------------------------------------------------
[debug] 
[debug] [2021-05-13T14:35:54.848Z] > command requires scopes: ["email","openid","https://www.googleapis.com/auth/cloudplatformprojects.readonly","https://www.googleapis.com/auth/firebase","https://www.googleapis.com/auth/cloud-platform"]
[debug] [2021-05-13T14:35:54.851Z] > authorizing via signed-in user (souravkumardubey2898@gmail.com)
[info] 
     ######## #### ########  ######## ########     ###     ######  ########
     ##        ##  ##     ## ##       ##     ##  ##   ##  ##       ##
     ######    ##  ########  ######   ########  #########  ######  ######
     ##        ##  ##    ##  ##       ##     ## ##     ##       ## ##
     ##       #### ##     ## ######## ########  ##     ##  ######  ########

You're about to initialize a Firebase project in this directory:

  E:\CSE\practice\react_practice\tik-tok-clone

[info] 
=== Project Setup
[info] 
[info] First, let's associate this project directory with a Firebase project.
[info] You can create multiple project aliases by running firebase use --add, 
[info] but for now we'll just set up a default project.
[info] 
[debug] [2021-05-13T14:36:00.622Z] >>> [apiv2][query] GET https://firebase.googleapis.com/v1beta1/projects pageSize=100
[debug] [2021-05-13T14:36:02.024Z] <<< [apiv2][status] GET https://firebase.googleapis.com/v1beta1/projects 200
[debug] [2021-05-13T14:36:02.025Z] <<< [apiv2][body] GET https://firebase.googleapis.com/v1beta1/projects [omitted]
[info] i  Using project tik-tok-clone-f4392 (tik-tok-clone) 
[info] 
=== Hosting Setup
[info] 
[info] Your public directory is the folder (relative to your project directory) that
[info] will contain Hosting assets to be uploaded with firebase deploy. If you
[info] have a build process for your assets, use your build's output directory.
[info] 
[debug] [2021-05-13T14:36:12.407Z] >>> [apiv2][query] GET https://www.gstatic.com/firebasejs/releases.json [none]
[debug] [2021-05-13T14:36:15.227Z] FetchError: request to https://www.gstatic.com/firebasejs/releases.json failed, reason: unable to verify the first certificate
    at ClientRequest.<anonymous> (C:\Users\Sourav\AppData\Roaming\npm\node_modules\firebase-tools\node_modules\node-fetch\lib\index.js:1461:11)
    at ClientRequest.emit (events.js:315:20)
    at ClientRequest.EventEmitter.emit (domain.js:486:12)
    at TLSSocket.socketErrorListener (_http_client.js:469:9)
    at TLSSocket.emit (events.js:315:20)
    at TLSSocket.EventEmitter.emit (domain.js:486:12)
    at emitErrorNT (internal/streams/destroy.js:106:8)
    at emitErrorCloseNT (internal/streams/destroy.js:74:3)
    at processTicksAndRejections (internal/process/task_queues.js:80:21)
[error] 
[error] Error: Failed to make request to https://www.gstatic.com/firebasejs/releases.json
